
> myatelier-pro-frontend@0.1.0 dev
> vite --host 127.0.0.1 --port 5174


  [32m[1mVITE[22m v6.4.1[39m  [2mready in [0m[1m456[22m[2m[0m ms[22m

  [32m➜[39m  [1mLocal[22m:   [36mhttp://127.0.0.1:[1m5174[22m/[39m
[2m4:39:12 AM[22m [36m[1m[vite][22m[39m [90m[2m(client)[22m[39m [32mhmr update [39m[2m/src/features/payments/PaymentTargetSearchSection.tsx[22m
[2m4:39:22 AM[22m [36m[1m[vite][22m[39m [90m[2m(client)[22m[39m [32mhmr update [39m[2m/src/pages/PaymentsPage.tsx[22m
[2m4:40:18 AM[22m [36m[1m[vite][22m[39m [90m[2m(client)[22m[39m [32mhmr update [39m[2m/src/pages/PaymentsPage.tsx, /src/features/payments/PaymentVoidDialog.tsx, /src/features/payments/PaymentsTableSection.tsx, /src/features/payments/PaymentDocumentBuilder.tsx, /src/features/payments/PaymentsOverviewSection.tsx[22m
[2m4:40:55 AM[22m [36m[1m[vite][22m[39m [90m[2m(client)[22m[39m [32mhmr update [39m[2m/src/pages/PaymentsPage.tsx, /src/features/payments/PaymentVoidDialog.tsx, /src/features/payments/PaymentsTableSection.tsx, /src/features/payments/PaymentDocumentBuilder.tsx, /src/features/payments/PaymentsOverviewSection.tsx[22m
[2m4:54:20 AM[22m [36m[1m[vite][22m[39m [90m[2m(client)[22m[39m [32mhmr update [39m[2m/src/features/payments/PaymentsPageHeader.tsx[22m
[2m4:54:24 AM[22m [36m[1m[vite][22m[39m [90m[2m(client)[22m[39m [32m✨ new dependencies optimized: [33m@mui/icons-material/PostAddOutlined[32m[39m
[2m4:54:24 AM[22m [36m[1m[vite][22m[39m [90m[2m(client)[22m[39m [32m✨ optimized dependencies changed. reloading[39m
[2m4:54:26 AM[22m [36m[1m[vite][22m[39m [90m[2m(client)[22m[39m [32mhmr update [39m[2m/src/features/payments/PaymentTargetSearchSection.tsx[22m
[2m4:54:32 AM[22m [36m[1m[vite][22m[39m [90m[2m(client)[22m[39m [32mhmr update [39m[2m/src/pages/PaymentsPage.tsx, /src/features/payments/PaymentVoidDialog.tsx, /src/features/payments/PaymentsTableSection.tsx, /src/features/payments/PaymentDocumentBuilder.tsx, /src/features/payments/PaymentsOverviewSection.tsx[22m
[2m4:54:42 AM[22m [36m[1m[vite][22m[39m [90m[2m(client)[22m[39m [32mhmr update [39m[2m/src/pages/PaymentsPage.tsx[22m
[2m4:54:49 AM[22m [36m[1m[vite][22m[39m [90m[2m(client)[22m[39m [32mhmr update [39m[2m/src/pages/PaymentsPage.tsx[22m
[2m5:08:45 AM[22m [36m[1m[vite][22m[39m [90m[2m(client)[22m[39m [32mhmr update [39m[2m/src/features/payments/PaymentsPageHeader.tsx[22m
[2m5:09:12 AM[22m [36m[1m[vite][22m[39m [90m[2m(client)[22m[39m [32mhmr update [39m[2m/src/pages/PaymentsPage.tsx[22m
[2m5:09:37 AM[22m [36m[1m[vite][22m[39m [90m[2m(client)[22m[39m [32mhmr update [39m[2m/src/pages/PaymentsPage.tsx[22m
[2m5:24:53 AM[22m [36m[1m[vite][22m[39m [90m[2m(client)[22m[39m [32mhmr update [39m[2m/src/features/bookings/BookingEditorDialog.tsx[22m
[2m5:25:08 AM[22m [36m[1m[vite][22m[39m [90m[2m(client)[22m[39m [32mhmr update [39m[2m/src/features/payments/PaymentEditorDialog.tsx[22m
[2m5:25:36 AM[22m [36m[1m[vite][22m[39m [90m[2m(client)[22m[39m [32mhmr update [39m[2m/src/features/dresses/DressFormDialog.tsx[22m
[2m5:26:04 AM[22m [36m[1m[vite][22m[39m [90m[2m(client)[22m[39m [32mhmr update [39m[2m/src/features/catalog/ServiceFormDialog.tsx[22m
[2m5:26:36 AM[22m [36m[1m[vite][22m[39m [90m[2m(client)[22m[39m [32mhmr update [39m[2m/src/features/catalog/DepartmentsSection.tsx[22m
[2m5:27:23 AM[22m [36m[1m[vite][22m[39m [90m[2m(client)[22m[39m [32mhmr update [39m[2m/src/features/payments/PaymentVoidDialog.tsx[22m
[2m5:27:46 AM[22m [36m[1m[vite][22m[39m [90m[2m(client)[22m[39m [32mhmr update [39m[2m/src/features/payments/PaymentVoidDialog.tsx[22m
[2m5:27:54 AM[22m [36m[1m[vite][22m[39m [90m[2m(client)[22m[39m [32mhmr update [39m[2m/src/components/PeriodLockOverrideDialog.tsx[22m
[2m5:28:15 AM[22m [36m[1m[vite][22m[39m [90m[2m(client)[22m[39m [32mhmr update [39m[2m/src/components/PeriodLockOverrideDialog.tsx[22m
[2m5:28:31 AM[22m [36m[1m[vite][22m[39m [90m[2m(client)[22m[39m [32mhmr update [39m[2m/src/components/LifecycleReasonDialog.tsx[22m
[2m5:28:52 AM[22m [36m[1m[vite][22m[39m [90m[2m(client)[22m[39m [32mhmr update [39m[2m/src/components/LifecycleReasonDialog.tsx[22m
[2m5:29:00 AM[22m [36m[1m[vite][22m[39m [90m[2m(client)[22m[39m [32mhmr update [39m[2m/src/components/DestructiveDeleteDialog.tsx[22m
[2m5:29:43 AM[22m [36m[1m[vite][22m[39m [90m[2m(client)[22m[39m [32mhmr update [39m[2m/src/components/DestructiveDeleteDialog.tsx[22m
[2m5:29:59 AM[22m [36m[1m[vite][22m[39m [90m[2m(client)[22m[39m [32mhmr update [39m[2m/src/features/customers/CustomerFormDialog.tsx[22m
[2m5:30:20 AM[22m [36m[1m[vite][22m[39m [90m[2m(client)[22m[39m [32mhmr update [39m[2m/src/features/customers/CustomerFormDialog.tsx[22m
[2m5:31:38 AM[22m [36m[1m[vite][22m[39m [90m[2m(client)[22m[39m [32mhmr update [39m[2m/src/components/ag-grid/GridColumnPanel.tsx[22m
[2m5:32:00 AM[22m [36m[1m[vite][22m[39m [90m[2m(client)[22m[39m [32mhmr update [39m[2m/src/components/ag-grid/GridColumnPanel.tsx[22m
[2m5:41:02 AM[22m [36m[1m[vite][22m[39m [90m[2m(client)[22m[39m [32mhmr update [39m[2m/src/features/payments/PaymentTargetSearchSection.tsx[22m
[2m5:41:19 AM[22m [36m[1m[vite][22m[39m [90m[2m(client)[22m[39m [32mhmr update [39m[2m/src/pages/PaymentsPage.tsx[22m
[2m5:42:45 AM[22m [36m[1m[vite][22m[39m [90m[2m(client)[22m[39m [32mhmr update [39m[2m/src/features/payments/PaymentTargetSearchSection.tsx[22m
[2m5:44:15 AM[22m [36m[1m[vite][22m[39m [90m[2m(client)[22m[39m [32mhmr update [39m[2m/src/features/payments/PaymentTargetSearchSection.tsx[22m
[2m5:44:39 AM[22m [36m[1m[vite][22m[39m [90m[2m(client)[22m[39m [32mhmr update [39m[2m/src/features/payments/PaymentTargetSearchSection.tsx[22m
[2m5:53:36 AM[22m [36m[1m[vite][22m[39m [90m[2m(client)[22m[39m [32mhmr update [39m[2m/src/features/bookings/NumericCell.tsx[22m
[2m5:53:44 AM[22m [36m[1m[vite][22m[39m [90m[2m(client)[22m[39m [32mhmr update [39m[2m/src/features/bookings/NumericCell.tsx[22m
[2m5:53:56 AM[22m [36m[1m[vite][22m[39m [90m[2m(client)[22m[39m [32mhmr update [39m[2m/src/features/payments/PaymentDocumentBuilder.tsx[22m
[2m5:54:13 AM[22m [36m[1m[vite][22m[39m [90m[2m(client)[22m[39m [32mhmr update [39m[2m/src/features/catalog/ServiceFormDialog.tsx[22m
[2m1:36:37 AM[22m [36m[1m[vite][22m[39m [90m[2m(client)[22m[39m [32mhmr update [39m[2m/src/features/payments/PaymentsPageHeader.tsx[22m
[2m1:39:02 AM[22m [36m[1m[vite][22m[39m [90m[2m(client)[22m[39m [32mhmr update [39m[2m/src/features/payments/PaymentsPageHeader.tsx[22m
[2m1:40:50 AM[22m [36m[1m[vite][22m[39m [90m[2m(client)[22m[39m [32mhmr update [39m[2m/src/features/payments/PaymentsPageHeader.tsx[22m
[2m1:40:56 AM[22m [36m[1m[vite][22m[39m [90m[2m(client)[22m[39m [32mhmr update [39m[2m/src/pages/PaymentsPage.tsx[22m
[2m1:45:52 AM[22m [36m[1m[vite][22m[39m [90m[2m(client)[22m[39m [32mhmr update [39m[2m/src/pages/CustodyPage.tsx[22m
[2m1:46:11 AM[22m [36m[1m[vite][22m[39m [90m[2m(client)[22m[39m [32mhmr update [39m[2m/src/components/AppShell.tsx[22m
[2m1:46:26 AM[22m [36m[1m[vite][22m[39m [90m[2m(client)[22m[39m [32mhmr update [39m[2m/src/app/router.tsx[22m
[2m1:46:26 AM[22m [36m[1m[vite][22m[39m [90m[2m(client)[22m[39m [33mhmr invalidate [39m[2m/src/app/router.tsx[22m Could not Fast Refresh ("router" export is incompatible). Learn more at https://github.com/vitejs/vite-plugin-react/tree/main/packages/plugin-react#consistent-components-exports
[2m1:46:26 AM[22m [36m[1m[vite][22m[39m [90m[2m(client)[22m[39m [32mhmr update [39m[2m/src/App.tsx[22m
[2m1:47:23 AM[22m [36m[1m[vite][22m[39m [90m[2m(client)[22m[39m [32mhmr update [39m[2m/src/features/custody/CustodyReportsSection.tsx[22m
[2m1:52:26 AM[22m [36m[1m[vite][22m[39m [90m[2m(client)[22m[39m [32mhmr update [39m[2m/src/features/custody/CustodyCaseCreateSection.tsx[22m
[2m1:52:58 AM[22m [36m[1m[vite][22m[39m [90m[2m(client)[22m[39m [32mhmr update [39m[2m/src/features/custody/CustodyCompensationSection.tsx[22m
[2m1:53:18 AM[22m [36m[1m[vite][22m[39m [90m[2m(client)[22m[39m [32mhmr update [39m[2m/src/features/custody/CustodyCompensationSection.tsx[22m
[2m1:53:58 AM[22m [36m[1m[vite][22m[39m [90m[2m(client)[22m[39m [32mhmr update [39m[2m/src/pages/CustodyPage.tsx[22m
[2m1:54:57 AM[22m [36m[1m[vite][22m[39m [90m[2m(client)[22m[39m [32mhmr update [39m[2m/src/pages/CustodyPage.tsx[22m
[2m1:56:46 AM[22m [36m[1m[vite][22m[39m [90m[2m(client)[22m[39m [32m✨ new dependencies optimized: [33m@mui/icons-material/AddCircleOutlineOutlined, @mui/icons-material/PaidOutlined, @mui/icons-material/PublishedWithChangesOutlined[32m[39m
[2m1:56:46 AM[22m [36m[1m[vite][22m[39m [90m[2m(client)[22m[39m [32m✨ optimized dependencies changed. reloading[39m
[2m2:51:44 AM[22m [36m[1m[vite][22m[39m [90m[2m(client)[22m[39m [32mhmr update [39m[2m/src/features/custody/CustodyTimelineSection.tsx, /src/features/custody/CustodyDrilldownSection.tsx, /src/features/custody/CustodyReportsSection.tsx, /src/features/custody/CustodyCompensationSection.tsx, /src/pages/CustodyPage.tsx[22m
[2m2:52:04 AM[22m [36m[1m[vite][22m[39m [90m[2m(client)[22m[39m [32mhmr update [39m[2m/src/features/custody/CustodyCaseCreateSection.tsx[22m
[2m2:52:53 AM[22m [36m[1m[vite][22m[39m [90m[2m(client)[22m[39m [32mhmr update [39m[2m/src/features/custody/CustodyCaseCreateSection.tsx[22m
[2m2:53:00 AM[22m [36m[1m[vite][22m[39m [90m[2m(client)[22m[39m [32mhmr update [39m[2m/src/features/custody/CustodyActionForm.tsx[22m
[2m2:53:23 AM[22m [36m[1m[vite][22m[39m [90m[2m(client)[22m[39m [32mhmr update [39m[2m/src/features/custody/CustodyActionForm.tsx[22m
[2m2:53:50 AM[22m [36m[1m[vite][22m[39m [90m[2m(client)[22m[39m [32mhmr update [39m[2m/src/pages/CustodyPage.tsx[22m
[2m2:55:08 AM[22m [36m[1m[vite][22m[39m [90m[2m(client)[22m[39m [32mhmr update [39m[2m/src/pages/CustodyPage.tsx[22m
[2m2:55:31 AM[22m [36m[1m[vite][22m[39m [90m[2m(client)[22m[39m [32mhmr update [39m[2m/src/pages/DressesPage.tsx, /src/features/dresses/DressFormDialog.tsx[22m
[2m2:55:44 AM[22m [36m[1m[vite][22m[39m [90m[2m(client)[22m[39m [32mhmr update [39m[2m/src/pages/DressesPage.tsx[22m
[2m2:55:58 AM[22m [36m[1m[vite][22m[39m [90m[2m(client)[22m[39m [32mhmr update [39m[2m/src/features/dresses/DressFormDialog.tsx[22m
[2m2:56:04 AM[22m [36m[1m[vite][22m[39m [90m[2m(client)[22m[39m [32mhmr update [39m[2m/src/components/BranchSelector.tsx, /src/pages/FinanceDashboardPage.tsx, /src/features/bookings/BookingsTableSection.tsx, /src/features/bookings/BookingsTableFilters.tsx, /src/features/bookings/BookingDocumentEditor.tsx, /src/features/payments/PaymentsTableSection.tsx, /src/features/payments/PaymentDocumentBuilder.tsx, /src/pages/DressesPage.tsx, /src/features/dresses/DressFormDialog.tsx, /src/features/catalog/DepartmentsSection.tsx, /src/features/catalog/ServicesSection.tsx, /src/features/catalog/ServiceFormDialog.tsx, /src/pages/CustomersPage.tsx, /src/pages/ReportsPage.tsx, /src/pages/ExportsPage.tsx, /src/features/payments/PaymentVoidDialog.tsx, /src/features/customers/CustomerFormDialog.tsx[22m
[2m2:56:14 AM[22m [36m[1m[vite][22m[39m [90m[2m(client)[22m[39m [32mhmr update [39m[2m/src/features/payments/PaymentsTableSection.tsx[22m
[2m3:16:57 AM[22m [36m[1m[vite][22m[39m [90m[2m(client)[22m[39m [32mhmr update [39m[2m/src/features/custody/CustodyCaseCreateSection.tsx[22m
[2m3:17:49 AM[22m [36m[1m[vite][22m[39m [90m[2m(client)[22m[39m [32mhmr update [39m[2m/src/pages/CustodyPage.tsx[22m
[2m3:17:49 AM[22m [36m[1m[vite][22m[39m [90m[2m(client)[22m[39m [32mhmr update [39m[2m/src/pages/CustodyPage.tsx[22m
[2m3:18:22 AM[22m [36m[1m[vite][22m[39m [90m[2m(client)[22m[39m [32mhmr update [39m[2m/src/pages/CustodyPage.tsx[22m
[2m3:18:23 AM[22m [36m[1m[vite][22m[39m [90m[2m(client)[22m[39m [32mhmr update [39m[2m/src/pages/CustodyPage.tsx[22m
[2m3:19:13 AM[22m [36m[1m[vite][22m[39m [90m[2m(client)[22m[39m [32mhmr update [39m[2m/src/pages/CustodyPage.tsx[22m
[2m3:19:13 AM[22m [36m[1m[vite][22m[39m [90m[2m(client)[22m[39m [32mhmr update [39m[2m/src/features/custody/CustodyCaseCreateSection.tsx[22m
[2m3:26:56 AM[22m [36m[1m[vite][22m[39m [90m[2m(client)[22m[39m [32mhmr update [39m[2m/src/features/custody/CustodyReportsSection.tsx, /src/pages/CustodyPage.tsx[22m
[2m3:28:20 AM[22m [36m[1m[vite][22m[39m [90m[2m(client)[22m[39m [32mhmr update [39m[2m/src/pages/CustodyPage.tsx[22m
[2m3:29:41 AM[22m [36m[1m[vite][22m[39m [90m[2m(client)[22m[39m [32mhmr update [39m[2m/src/pages/CustodyPage.tsx[22m
[2m3:31:14 AM[22m [36m[1m[vite][22m[39m [90m[2m(client)[22m[39m [32mhmr update [39m[2m/src/pages/CustodyPage.tsx[22m
[2m3:32:58 AM[22m [36m[1m[vite][22m[39m [90m[2m(client)[22m[39m [32mhmr update [39m[2m/src/pages/CustodyPage.tsx[22m
[2m3:36:04 AM[22m [36m[1m[vite][22m[39m [90m[2m(client)[22m[39m [32mhmr update [39m[2m/src/pages/CustodyPage.tsx[22m
[2m6:51:55 AM[22m [36m[1m[vite][22m[39m [90m[2m(client)[22m[39m [32mhmr update [39m[2m/src/pages/PaymentsPage.tsx[22m
[2m6:52:03 AM[22m [36m[1m[vite][22m[39m [90m[2m(client)[22m[39m [32mhmr update [39m[2m/src/pages/BookingsPage.tsx, /src/features/custody/CustodyCaseCreateSection.tsx[22m
[2m6:52:16 AM[22m [36m[1m[vite][22m[39m [90m[2m(client)[22m[39m [32mhmr update [39m[2m/src/features/custody/CustodyTimelineSection.tsx, /src/features/custody/CustodyDrilldownSection.tsx, /src/features/custody/CustodyReportsSection.tsx, /src/features/custody/CustodyCompensationSection.tsx, /src/pages/CustodyPage.tsx[22m
[2m6:52:38 AM[22m [36m[1m[vite][22m[39m [90m[2m(client)[22m[39m [32mhmr update [39m[2m/src/features/payments/PaymentDocumentBuilder.tsx[22m
[2m6:52:48 AM[22m [36m[1m[vite][22m[39m [90m[2m(client)[22m[39m [32mhmr update [39m[2m/src/features/payments/PaymentDocumentBuilder.tsx[22m
[2m6:52:59 AM[22m [36m[1m[vite][22m[39m [90m[2m(client)[22m[39m [32mhmr update [39m[2m/src/features/payments/PaymentEditorDialog.tsx[22m
[2m6:53:12 AM[22m [36m[1m[vite][22m[39m [90m[2m(client)[22m[39m [32mhmr update [39m[2m/src/pages/PaymentsPage.tsx[22m
[2m6:54:10 AM[22m [36m[1m[vite][22m[39m [90m[2m(client)[22m[39m [32mhmr update [39m[2m/src/pages/PaymentsPage.tsx, /src/features/payments/PaymentsTableSection.tsx, /src/features/payments/PaymentDocumentBuilder.tsx, /src/features/payments/PaymentsOverviewSection.tsx, /src/features/payments/PaymentVoidDialog.tsx[22m
[2m6:54:25 AM[22m [36m[1m[vite][22m[39m [90m[2m(client)[22m[39m [32mhmr update [39m[2m/src/features/payments/PaymentsTableSection.tsx[22m
[2m6:55:24 AM[22m [36m[1m[vite][22m[39m [90m[2m(client)[22m[39m [32mhmr update [39m[2m/src/features/bookings/BookingDocumentEditor.tsx[22m
[2m6:55:33 AM[22m [36m[1m[vite][22m[39m [90m[2m(client)[22m[39m [32mhmr update [39m[2m/src/features/bookings/BookingEditorDialog.tsx[22m
[2m6:55:44 AM[22m [36m[1m[vite][22m[39m [90m[2m(client)[22m[39m [32mhmr update [39m[2m/src/pages/BookingsPage.tsx[22m
[2m6:55:54 AM[22m [36m[1m[vite][22m[39m [90m[2m(client)[22m[39m [32mhmr update [39m[2m/src/pages/BookingsPage.tsx, /src/features/bookings/BookingsTableSection.tsx, /src/features/bookings/BookingDocumentEditor.tsx[22m
[2m6:56:25 AM[22m [36m[1m[vite][22m[39m [90m[2m(client)[22m[39m [32mhmr update [39m[2m/src/features/custody/CustodyCaseCreateSection.tsx[22m
[2m6:56:42 AM[22m [36m[1m[vite][22m[39m [90m[2m(client)[22m[39m [32mhmr update [39m[2m/src/features/custody/CustodyActionForm.tsx[22m
[2m6:56:53 AM[22m [36m[1m[vite][22m[39m [90m[2m(client)[22m[39m [32mhmr update [39m[2m/src/features/custody/CustodyActionForm.tsx[22m
[2m6:57:20 AM[22m [36m[1m[vite][22m[39m [90m[2m(client)[22m[39m [32mhmr update [39m[2m/src/features/custody/CustodyCompensationSection.tsx[22m
[2m6:57:50 AM[22m [36m[1m[vite][22m[39m [90m[2m(client)[22m[39m [32mhmr update [39m[2m/src/pages/CustodyPage.tsx[22m
[2m6:58:00 AM[22m [36m[1m[vite][22m[39m [90m[2m(client)[22m[39m [32mhmr update [39m[2m/src/features/custody/CustodyReportsSection.tsx, /src/pages/CustodyPage.tsx[22m
